{"C:\\Users\\wilel\\OneDrive\\Desktop\\Empl0yee Tr4cker\\index.js": {"path":"C:\\Users\\wilel\\OneDrive\\Desktop\\Empl0yee Tr4cker\\index.js","statementMap":{"0":{"start":{"line":2,"column":17},"end":{"line":2,"column":36}},"1":{"start":{"line":3,"column":14},"end":{"line":3,"column":39}},"2":{"start":{"line":4,"column":15},"end":{"line":4,"column":39}},"3":{"start":{"line":5,"column":17},"end":{"line":5,"column":45}},"4":{"start":{"line":8,"column":13},"end":{"line":8,"column":39}},"5":{"start":{"line":12,"column":4},"end":{"line":63,"column":5}},"6":{"start":{"line":13,"column":23},"end":{"line":29,"column":10}},"7":{"start":{"line":31,"column":8},"end":{"line":59,"column":9}},"8":{"start":{"line":33,"column":16},"end":{"line":33,"column":40}},"9":{"start":{"line":34,"column":16},"end":{"line":34,"column":22}},"10":{"start":{"line":36,"column":16},"end":{"line":36,"column":34}},"11":{"start":{"line":37,"column":16},"end":{"line":37,"column":22}},"12":{"start":{"line":39,"column":16},"end":{"line":39,"column":38}},"13":{"start":{"line":40,"column":16},"end":{"line":40,"column":22}},"14":{"start":{"line":42,"column":16},"end":{"line":42,"column":38}},"15":{"start":{"line":43,"column":16},"end":{"line":43,"column":22}},"16":{"start":{"line":45,"column":16},"end":{"line":45,"column":32}},"17":{"start":{"line":46,"column":16},"end":{"line":46,"column":22}},"18":{"start":{"line":48,"column":16},"end":{"line":48,"column":36}},"19":{"start":{"line":49,"column":16},"end":{"line":49,"column":22}},"20":{"start":{"line":51,"column":16},"end":{"line":51,"column":43}},"21":{"start":{"line":52,"column":16},"end":{"line":52,"column":22}},"22":{"start":{"line":54,"column":16},"end":{"line":54,"column":34}},"23":{"start":{"line":55,"column":16},"end":{"line":55,"column":22}},"24":{"start":{"line":57,"column":16},"end":{"line":57,"column":64}},"25":{"start":{"line":58,"column":16},"end":{"line":58,"column":34}},"26":{"start":{"line":61,"column":8},"end":{"line":61,"column":39}},"27":{"start":{"line":62,"column":8},"end":{"line":62,"column":26}},"28":{"start":{"line":68,"column":19},"end":{"line":68,"column":63}},"29":{"start":{"line":69,"column":4},"end":{"line":69,"column":24}},"30":{"start":{"line":70,"column":4},"end":{"line":70,"column":25}},"31":{"start":{"line":75,"column":18},"end":{"line":77,"column":79}},"32":{"start":{"line":78,"column":19},"end":{"line":78,"column":42}},"33":{"start":{"line":79,"column":4},"end":{"line":79,"column":24}},"34":{"start":{"line":80,"column":4},"end":{"line":80,"column":25}},"35":{"start":{"line":85,"column":18},"end":{"line":89,"column":63}},"36":{"start":{"line":90,"column":19},"end":{"line":90,"column":42}},"37":{"start":{"line":91,"column":4},"end":{"line":91,"column":24}},"38":{"start":{"line":92,"column":4},"end":{"line":92,"column":25}},"39":{"start":{"line":97,"column":19},"end":{"line":103,"column":6}},"40":{"start":{"line":105,"column":4},"end":{"line":107,"column":7}},"41":{"start":{"line":109,"column":4},"end":{"line":109,"column":65}},"42":{"start":{"line":110,"column":4},"end":{"line":110,"column":25}},"43":{"start":{"line":115,"column":24},"end":{"line":115,"column":68}},"44":{"start":{"line":117,"column":20},"end":{"line":135,"column":6}},"45":{"start":{"line":127,"column":31},"end":{"line":127,"column":44}},"46":{"start":{"line":132,"column":55},"end":{"line":132,"column":102}},"47":{"start":{"line":137,"column":4},"end":{"line":141,"column":7}},"48":{"start":{"line":143,"column":4},"end":{"line":143,"column":52}},"49":{"start":{"line":144,"column":4},"end":{"line":144,"column":25}},"50":{"start":{"line":149,"column":20},"end":{"line":149,"column":58}},"51":{"start":{"line":150,"column":24},"end":{"line":150,"column":66}},"52":{"start":{"line":152,"column":20},"end":{"line":178,"column":6}},"53":{"start":{"line":166,"column":40},"end":{"line":166,"column":76}},"54":{"start":{"line":174,"column":46},"end":{"line":174,"column":122}},"55":{"start":{"line":180,"column":4},"end":{"line":185,"column":7}},"56":{"start":{"line":187,"column":4},"end":{"line":187,"column":80}},"57":{"start":{"line":188,"column":4},"end":{"line":188,"column":25}},"58":{"start":{"line":193,"column":24},"end":{"line":193,"column":66}},"59":{"start":{"line":194,"column":20},"end":{"line":194,"column":58}},"60":{"start":{"line":196,"column":20},"end":{"line":209,"column":6}},"61":{"start":{"line":200,"column":48},"end":{"line":200,"column":124}},"62":{"start":{"line":206,"column":40},"end":{"line":206,"column":76}},"63":{"start":{"line":211,"column":4},"end":{"line":211,"column":103}},"64":{"start":{"line":213,"column":4},"end":{"line":213,"column":42}},"65":{"start":{"line":214,"column":4},"end":{"line":214,"column":25}},"66":{"start":{"line":219,"column":4},"end":{"line":219,"column":15}},"67":{"start":{"line":223,"column":0},"end":{"line":223,"column":40}},"68":{"start":{"line":226,"column":0},"end":{"line":226,"column":21}}},"fnMap":{"0":{"name":"runEmployeeTracker","decl":{"start":{"line":11,"column":15},"end":{"line":11,"column":33}},"loc":{"start":{"line":11,"column":36},"end":{"line":64,"column":1}},"line":11},"1":{"name":"viewDepartments","decl":{"start":{"line":67,"column":15},"end":{"line":67,"column":30}},"loc":{"start":{"line":67,"column":33},"end":{"line":71,"column":1}},"line":67},"2":{"name":"viewRoles","decl":{"start":{"line":74,"column":15},"end":{"line":74,"column":24}},"loc":{"start":{"line":74,"column":27},"end":{"line":81,"column":1}},"line":74},"3":{"name":"viewEmployees","decl":{"start":{"line":84,"column":15},"end":{"line":84,"column":28}},"loc":{"start":{"line":84,"column":31},"end":{"line":93,"column":1}},"line":84},"4":{"name":"addDepartment","decl":{"start":{"line":96,"column":15},"end":{"line":96,"column":28}},"loc":{"start":{"line":96,"column":31},"end":{"line":111,"column":1}},"line":96},"5":{"name":"addRole","decl":{"start":{"line":114,"column":15},"end":{"line":114,"column":22}},"loc":{"start":{"line":114,"column":25},"end":{"line":145,"column":1}},"line":114},"6":{"name":"(anonymous_6)","decl":{"start":{"line":127,"column":22},"end":{"line":127,"column":23}},"loc":{"start":{"line":127,"column":31},"end":{"line":127,"column":44}},"line":127},"7":{"name":"(anonymous_7)","decl":{"start":{"line":132,"column":40},"end":{"line":132,"column":41}},"loc":{"start":{"line":132,"column":55},"end":{"line":132,"column":102}},"line":132},"8":{"name":"addEmployee","decl":{"start":{"line":148,"column":15},"end":{"line":148,"column":26}},"loc":{"start":{"line":148,"column":29},"end":{"line":189,"column":1}},"line":148},"9":{"name":"(anonymous_9)","decl":{"start":{"line":166,"column":31},"end":{"line":166,"column":32}},"loc":{"start":{"line":166,"column":40},"end":{"line":166,"column":76}},"line":166},"10":{"name":"(anonymous_10)","decl":{"start":{"line":174,"column":33},"end":{"line":174,"column":34}},"loc":{"start":{"line":174,"column":46},"end":{"line":174,"column":122}},"line":174},"11":{"name":"updateEmployeeRole","decl":{"start":{"line":192,"column":15},"end":{"line":192,"column":33}},"loc":{"start":{"line":192,"column":36},"end":{"line":215,"column":1}},"line":192},"12":{"name":"(anonymous_12)","decl":{"start":{"line":200,"column":35},"end":{"line":200,"column":36}},"loc":{"start":{"line":200,"column":48},"end":{"line":200,"column":124}},"line":200},"13":{"name":"(anonymous_13)","decl":{"start":{"line":206,"column":31},"end":{"line":206,"column":32}},"loc":{"start":{"line":206,"column":40},"end":{"line":206,"column":76}},"line":206},"14":{"name":"closeConnection","decl":{"start":{"line":218,"column":9},"end":{"line":218,"column":24}},"loc":{"start":{"line":218,"column":27},"end":{"line":220,"column":1}},"line":218}},"branchMap":{"0":{"loc":{"start":{"line":31,"column":8},"end":{"line":59,"column":9}},"type":"switch","locations":[{"start":{"line":32,"column":12},"end":{"line":34,"column":22}},{"start":{"line":35,"column":12},"end":{"line":37,"column":22}},{"start":{"line":38,"column":12},"end":{"line":40,"column":22}},{"start":{"line":41,"column":12},"end":{"line":43,"column":22}},{"start":{"line":44,"column":12},"end":{"line":46,"column":22}},{"start":{"line":47,"column":12},"end":{"line":49,"column":22}},{"start":{"line":50,"column":12},"end":{"line":52,"column":22}},{"start":{"line":53,"column":12},"end":{"line":55,"column":22}},{"start":{"line":56,"column":12},"end":{"line":58,"column":34}}],"line":31}},"s":{"0":4,"1":4,"2":4,"3":4,"4":4,"5":5,"6":5,"7":0,"8":0,"9":0,"10":0,"11":0,"12":0,"13":0,"14":0,"15":0,"16":0,"17":0,"18":0,"19":0,"20":0,"21":0,"22":0,"23":0,"24":0,"25":0,"26":0,"27":0,"28":0,"29":0,"30":0,"31":0,"32":0,"33":0,"34":0,"35":0,"36":0,"37":0,"38":0,"39":0,"40":0,"41":0,"42":0,"43":0,"44":0,"45":0,"46":0,"47":0,"48":0,"49":0,"50":0,"51":0,"52":0,"53":0,"54":0,"55":0,"56":0,"57":0,"58":0,"59":0,"60":0,"61":0,"62":0,"63":0,"64":0,"65":0,"66":0,"67":4,"68":4},"f":{"0":5,"1":0,"2":0,"3":0,"4":0,"5":0,"6":0,"7":0,"8":0,"9":0,"10":0,"11":0,"12":0,"13":0,"14":0},"b":{"0":[0,0,0,0,0,0,0,0,0]},"inputSourceMap":null,"_coverageSchema":"1a1c01bbd47fc00a2c39e90264f33305004495a9","hash":"530359d69a88c68818fe41f2cc2f23b6e7c3ac41"}
,"C:\\Users\\wilel\\OneDrive\\Desktop\\Empl0yee Tr4cker\\config\\dbConfig.js": {"path":"C:\\Users\\wilel\\OneDrive\\Desktop\\Empl0yee Tr4cker\\config\\dbConfig.js","statementMap":{"0":{"start":{"line":1,"column":17},"end":{"line":6,"column":3}},"1":{"start":{"line":8,"column":2},"end":{"line":8,"column":28}}},"fnMap":{},"branchMap":{},"s":{"0":4,"1":4},"f":{},"b":{},"inputSourceMap":null,"_coverageSchema":"1a1c01bbd47fc00a2c39e90264f33305004495a9","hash":"4a206b706e98f9db59adfc322ecf73ce3eb1a6aa"}
}
