{"C:\\Users\\wilel\\OneDrive\\Desktop\\Empl0yee Tr4cker\\index.js": {"path":"C:\\Users\\wilel\\OneDrive\\Desktop\\Empl0yee Tr4cker\\index.js","statementMap":{"0":{"start":{"line":2,"column":17},"end":{"line":2,"column":36}},"1":{"start":{"line":3,"column":14},"end":{"line":3,"column":39}},"2":{"start":{"line":4,"column":15},"end":{"line":4,"column":39}},"3":{"start":{"line":5,"column":17},"end":{"line":5,"column":45}},"4":{"start":{"line":8,"column":13},"end":{"line":8,"column":39}},"5":{"start":{"line":14,"column":2},"end":{"line":68,"column":3}},"6":{"start":{"line":16,"column":4},"end":{"line":16,"column":44}},"7":{"start":{"line":18,"column":19},"end":{"line":34,"column":6}},"8":{"start":{"line":36,"column":4},"end":{"line":64,"column":5}},"9":{"start":{"line":38,"column":8},"end":{"line":38,"column":42}},"10":{"start":{"line":39,"column":8},"end":{"line":39,"column":14}},"11":{"start":{"line":41,"column":8},"end":{"line":41,"column":36}},"12":{"start":{"line":42,"column":8},"end":{"line":42,"column":14}},"13":{"start":{"line":44,"column":8},"end":{"line":44,"column":40}},"14":{"start":{"line":45,"column":8},"end":{"line":45,"column":14}},"15":{"start":{"line":47,"column":8},"end":{"line":47,"column":40}},"16":{"start":{"line":48,"column":8},"end":{"line":48,"column":14}},"17":{"start":{"line":50,"column":8},"end":{"line":50,"column":34}},"18":{"start":{"line":51,"column":8},"end":{"line":51,"column":14}},"19":{"start":{"line":53,"column":8},"end":{"line":53,"column":38}},"20":{"start":{"line":54,"column":8},"end":{"line":54,"column":14}},"21":{"start":{"line":56,"column":8},"end":{"line":56,"column":45}},"22":{"start":{"line":57,"column":8},"end":{"line":57,"column":14}},"23":{"start":{"line":59,"column":8},"end":{"line":59,"column":36}},"24":{"start":{"line":60,"column":8},"end":{"line":60,"column":14}},"25":{"start":{"line":62,"column":8},"end":{"line":62,"column":56}},"26":{"start":{"line":63,"column":8},"end":{"line":63,"column":36}},"27":{"start":{"line":66,"column":4},"end":{"line":66,"column":35}},"28":{"start":{"line":67,"column":4},"end":{"line":67,"column":32}},"29":{"start":{"line":73,"column":2},"end":{"line":80,"column":3}},"30":{"start":{"line":74,"column":19},"end":{"line":74,"column":69}},"31":{"start":{"line":75,"column":4},"end":{"line":75,"column":24}},"32":{"start":{"line":76,"column":4},"end":{"line":76,"column":25}},"33":{"start":{"line":78,"column":4},"end":{"line":78,"column":35}},"34":{"start":{"line":79,"column":4},"end":{"line":79,"column":32}},"35":{"start":{"line":85,"column":2},"end":{"line":95,"column":3}},"36":{"start":{"line":86,"column":18},"end":{"line":88,"column":79}},"37":{"start":{"line":89,"column":19},"end":{"line":89,"column":48}},"38":{"start":{"line":90,"column":4},"end":{"line":90,"column":24}},"39":{"start":{"line":91,"column":4},"end":{"line":91,"column":25}},"40":{"start":{"line":93,"column":4},"end":{"line":93,"column":35}},"41":{"start":{"line":94,"column":4},"end":{"line":94,"column":32}},"42":{"start":{"line":100,"column":2},"end":{"line":112,"column":3}},"43":{"start":{"line":101,"column":18},"end":{"line":105,"column":63}},"44":{"start":{"line":106,"column":19},"end":{"line":106,"column":48}},"45":{"start":{"line":107,"column":4},"end":{"line":107,"column":24}},"46":{"start":{"line":108,"column":4},"end":{"line":108,"column":25}},"47":{"start":{"line":110,"column":4},"end":{"line":110,"column":35}},"48":{"start":{"line":111,"column":4},"end":{"line":111,"column":32}},"49":{"start":{"line":117,"column":2},"end":{"line":135,"column":3}},"50":{"start":{"line":118,"column":19},"end":{"line":124,"column":6}},"51":{"start":{"line":126,"column":4},"end":{"line":128,"column":7}},"52":{"start":{"line":130,"column":4},"end":{"line":130,"column":65}},"53":{"start":{"line":131,"column":4},"end":{"line":131,"column":25}},"54":{"start":{"line":133,"column":4},"end":{"line":133,"column":35}},"55":{"start":{"line":134,"column":4},"end":{"line":134,"column":32}},"56":{"start":{"line":140,"column":2},"end":{"line":174,"column":3}},"57":{"start":{"line":141,"column":24},"end":{"line":141,"column":74}},"58":{"start":{"line":143,"column":20},"end":{"line":161,"column":6}},"59":{"start":{"line":153,"column":27},"end":{"line":153,"column":40}},"60":{"start":{"line":158,"column":51},"end":{"line":158,"column":98}},"61":{"start":{"line":163,"column":4},"end":{"line":167,"column":7}},"62":{"start":{"line":169,"column":4},"end":{"line":169,"column":52}},"63":{"start":{"line":170,"column":4},"end":{"line":170,"column":25}},"64":{"start":{"line":172,"column":4},"end":{"line":172,"column":35}},"65":{"start":{"line":173,"column":4},"end":{"line":173,"column":32}},"66":{"start":{"line":179,"column":2},"end":{"line":223,"column":3}},"67":{"start":{"line":180,"column":20},"end":{"line":180,"column":64}},"68":{"start":{"line":181,"column":24},"end":{"line":181,"column":72}},"69":{"start":{"line":183,"column":20},"end":{"line":209,"column":6}},"70":{"start":{"line":197,"column":36},"end":{"line":197,"column":72}},"71":{"start":{"line":205,"column":40},"end":{"line":205,"column":116}},"72":{"start":{"line":211,"column":4},"end":{"line":216,"column":7}},"73":{"start":{"line":218,"column":4},"end":{"line":218,"column":80}},"74":{"start":{"line":219,"column":4},"end":{"line":219,"column":25}},"75":{"start":{"line":221,"column":4},"end":{"line":221,"column":35}},"76":{"start":{"line":222,"column":4},"end":{"line":222,"column":32}},"77":{"start":{"line":228,"column":2},"end":{"line":254,"column":3}},"78":{"start":{"line":229,"column":24},"end":{"line":229,"column":72}},"79":{"start":{"line":230,"column":20},"end":{"line":230,"column":64}},"80":{"start":{"line":232,"column":20},"end":{"line":245,"column":6}},"81":{"start":{"line":236,"column":44},"end":{"line":236,"column":120}},"82":{"start":{"line":242,"column":36},"end":{"line":242,"column":72}},"83":{"start":{"line":247,"column":4},"end":{"line":247,"column":109}},"84":{"start":{"line":249,"column":4},"end":{"line":249,"column":42}},"85":{"start":{"line":250,"column":4},"end":{"line":250,"column":25}},"86":{"start":{"line":252,"column":4},"end":{"line":252,"column":35}},"87":{"start":{"line":253,"column":4},"end":{"line":253,"column":32}},"88":{"start":{"line":259,"column":2},"end":{"line":261,"column":3}},"89":{"start":{"line":260,"column":4},"end":{"line":260,"column":25}},"90":{"start":{"line":262,"column":2},"end":{"line":262,"column":13}},"91":{"start":{"line":266,"column":0},"end":{"line":266,"column":40}},"92":{"start":{"line":269,"column":0},"end":{"line":271,"column":1}},"93":{"start":{"line":270,"column":2},"end":{"line":270,"column":23}},"94":{"start":{"line":273,"column":0},"end":{"line":283,"column":2}}},"fnMap":{"0":{"name":"runEmployeeTracker","decl":{"start":{"line":11,"column":15},"end":{"line":11,"column":33}},"loc":{"start":{"line":11,"column":36},"end":{"line":69,"column":1}},"line":11},"1":{"name":"viewDepartments","decl":{"start":{"line":72,"column":15},"end":{"line":72,"column":30}},"loc":{"start":{"line":72,"column":43},"end":{"line":81,"column":1}},"line":72},"2":{"name":"viewRoles","decl":{"start":{"line":84,"column":15},"end":{"line":84,"column":24}},"loc":{"start":{"line":84,"column":37},"end":{"line":96,"column":1}},"line":84},"3":{"name":"viewEmployees","decl":{"start":{"line":99,"column":15},"end":{"line":99,"column":28}},"loc":{"start":{"line":99,"column":41},"end":{"line":113,"column":1}},"line":99},"4":{"name":"addDepartment","decl":{"start":{"line":116,"column":15},"end":{"line":116,"column":28}},"loc":{"start":{"line":116,"column":41},"end":{"line":136,"column":1}},"line":116},"5":{"name":"addRole","decl":{"start":{"line":139,"column":15},"end":{"line":139,"column":22}},"loc":{"start":{"line":139,"column":35},"end":{"line":175,"column":1}},"line":139},"6":{"name":"(anonymous_6)","decl":{"start":{"line":153,"column":18},"end":{"line":153,"column":19}},"loc":{"start":{"line":153,"column":27},"end":{"line":153,"column":40}},"line":153},"7":{"name":"(anonymous_7)","decl":{"start":{"line":158,"column":36},"end":{"line":158,"column":37}},"loc":{"start":{"line":158,"column":51},"end":{"line":158,"column":98}},"line":158},"8":{"name":"addEmployee","decl":{"start":{"line":178,"column":15},"end":{"line":178,"column":26}},"loc":{"start":{"line":178,"column":39},"end":{"line":224,"column":1}},"line":178},"9":{"name":"(anonymous_9)","decl":{"start":{"line":197,"column":27},"end":{"line":197,"column":28}},"loc":{"start":{"line":197,"column":36},"end":{"line":197,"column":72}},"line":197},"10":{"name":"(anonymous_10)","decl":{"start":{"line":205,"column":27},"end":{"line":205,"column":28}},"loc":{"start":{"line":205,"column":40},"end":{"line":205,"column":116}},"line":205},"11":{"name":"updateEmployeeRole","decl":{"start":{"line":227,"column":15},"end":{"line":227,"column":33}},"loc":{"start":{"line":227,"column":46},"end":{"line":255,"column":1}},"line":227},"12":{"name":"(anonymous_12)","decl":{"start":{"line":236,"column":31},"end":{"line":236,"column":32}},"loc":{"start":{"line":236,"column":44},"end":{"line":236,"column":120}},"line":236},"13":{"name":"(anonymous_13)","decl":{"start":{"line":242,"column":27},"end":{"line":242,"column":28}},"loc":{"start":{"line":242,"column":36},"end":{"line":242,"column":72}},"line":242},"14":{"name":"closeConnection","decl":{"start":{"line":258,"column":9},"end":{"line":258,"column":24}},"loc":{"start":{"line":258,"column":37},"end":{"line":263,"column":1}},"line":258}},"branchMap":{"0":{"loc":{"start":{"line":36,"column":4},"end":{"line":64,"column":5}},"type":"switch","locations":[{"start":{"line":37,"column":6},"end":{"line":39,"column":14}},{"start":{"line":40,"column":6},"end":{"line":42,"column":14}},{"start":{"line":43,"column":6},"end":{"line":45,"column":14}},{"start":{"line":46,"column":6},"end":{"line":48,"column":14}},{"start":{"line":49,"column":6},"end":{"line":51,"column":14}},{"start":{"line":52,"column":6},"end":{"line":54,"column":14}},{"start":{"line":55,"column":6},"end":{"line":57,"column":14}},{"start":{"line":58,"column":6},"end":{"line":60,"column":14}},{"start":{"line":61,"column":6},"end":{"line":63,"column":36}}],"line":36},"1":{"loc":{"start":{"line":259,"column":2},"end":{"line":261,"column":3}},"type":"if","locations":[{"start":{"line":259,"column":2},"end":{"line":261,"column":3}},{"start":{},"end":{}}],"line":259},"2":{"loc":{"start":{"line":269,"column":0},"end":{"line":271,"column":1}},"type":"if","locations":[{"start":{"line":269,"column":0},"end":{"line":271,"column":1}},{"start":{},"end":{}}],"line":269}},"s":{"0":4,"1":4,"2":4,"3":4,"4":4,"5":0,"6":0,"7":0,"8":0,"9":0,"10":0,"11":0,"12":0,"13":0,"14":0,"15":0,"16":0,"17":0,"18":0,"19":0,"20":0,"21":0,"22":0,"23":0,"24":0,"25":0,"26":0,"27":0,"28":0,"29":0,"30":0,"31":0,"32":0,"33":0,"34":0,"35":0,"36":0,"37":0,"38":0,"39":0,"40":0,"41":0,"42":0,"43":0,"44":0,"45":0,"46":0,"47":0,"48":0,"49":2,"50":2,"51":0,"52":0,"53":0,"54":0,"55":0,"56":2,"57":2,"58":0,"59":0,"60":0,"61":0,"62":0,"63":0,"64":2,"65":2,"66":0,"67":0,"68":0,"69":0,"70":0,"71":0,"72":0,"73":0,"74":0,"75":0,"76":0,"77":0,"78":0,"79":0,"80":0,"81":0,"82":0,"83":0,"84":0,"85":0,"86":0,"87":0,"88":2,"89":2,"90":0,"91":4,"92":4,"93":0,"94":4},"f":{"0":0,"1":0,"2":0,"3":0,"4":2,"5":2,"6":0,"7":0,"8":0,"9":0,"10":0,"11":0,"12":0,"13":0,"14":2},"b":{"0":[0,0,0,0,0,0,0,0,0],"1":[2,0],"2":[0,4]},"inputSourceMap":null,"_coverageSchema":"1a1c01bbd47fc00a2c39e90264f33305004495a9","hash":"f636ee881e94e0aedd1d97798fac69758a74e089"}
,"C:\\Users\\wilel\\OneDrive\\Desktop\\Empl0yee Tr4cker\\config\\dbConfig.js": {"path":"C:\\Users\\wilel\\OneDrive\\Desktop\\Empl0yee Tr4cker\\config\\dbConfig.js","statementMap":{"0":{"start":{"line":1,"column":14},"end":{"line":1,"column":39}},"1":{"start":{"line":4,"column":17},"end":{"line":9,"column":1}},"2":{"start":{"line":13,"column":13},"end":{"line":13,"column":39}},"3":{"start":{"line":19,"column":16},"end":{"line":26,"column":1}},"4":{"start":{"line":20,"column":2},"end":{"line":25,"column":3}},"5":{"start":{"line":21,"column":23},"end":{"line":21,"column":49}},"6":{"start":{"line":22,"column":4},"end":{"line":22,"column":22}},"7":{"start":{"line":24,"column":4},"end":{"line":24,"column":74}},"8":{"start":{"line":32,"column":14},"end":{"line":39,"column":1}},"9":{"start":{"line":33,"column":2},"end":{"line":38,"column":5}},"10":{"start":{"line":34,"column":4},"end":{"line":36,"column":5}},"11":{"start":{"line":35,"column":6},"end":{"line":35,"column":27}},"12":{"start":{"line":37,"column":4},"end":{"line":37,"column":14}},"13":{"start":{"line":45,"column":22},"end":{"line":67,"column":1}},"14":{"start":{"line":46,"column":21},"end":{"line":46,"column":36}},"15":{"start":{"line":49,"column":28},"end":{"line":52,"column":3}},"16":{"start":{"line":54,"column":2},"end":{"line":66,"column":3}},"17":{"start":{"line":56,"column":4},"end":{"line":58,"column":5}},"18":{"start":{"line":57,"column":6},"end":{"line":57,"column":44}},"19":{"start":{"line":63,"column":4},"end":{"line":63,"column":22}},"20":{"start":{"line":65,"column":4},"end":{"line":65,"column":66}},"21":{"start":{"line":75,"column":21},"end":{"line":82,"column":1}},"22":{"start":{"line":76,"column":2},"end":{"line":81,"column":3}},"23":{"start":{"line":77,"column":22},"end":{"line":77,"column":51}},"24":{"start":{"line":78,"column":4},"end":{"line":78,"column":19}},"25":{"start":{"line":80,"column":4},"end":{"line":80,"column":67}},"26":{"start":{"line":84,"column":0},"end":{"line":90,"column":2}}},"fnMap":{"0":{"name":"(anonymous_0)","decl":{"start":{"line":19,"column":16},"end":{"line":19,"column":17}},"loc":{"start":{"line":19,"column":28},"end":{"line":26,"column":1}},"line":19},"1":{"name":"(anonymous_1)","decl":{"start":{"line":32,"column":14},"end":{"line":32,"column":15}},"loc":{"start":{"line":32,"column":30},"end":{"line":39,"column":1}},"line":32},"2":{"name":"(anonymous_2)","decl":{"start":{"line":33,"column":21},"end":{"line":33,"column":22}},"loc":{"start":{"line":33,"column":42},"end":{"line":38,"column":3}},"line":33},"3":{"name":"(anonymous_3)","decl":{"start":{"line":45,"column":22},"end":{"line":45,"column":23}},"loc":{"start":{"line":45,"column":34},"end":{"line":67,"column":1}},"line":45},"4":{"name":"(anonymous_4)","decl":{"start":{"line":75,"column":21},"end":{"line":75,"column":22}},"loc":{"start":{"line":75,"column":50},"end":{"line":82,"column":1}},"line":75}},"branchMap":{"0":{"loc":{"start":{"line":34,"column":4},"end":{"line":36,"column":5}},"type":"if","locations":[{"start":{"line":34,"column":4},"end":{"line":36,"column":5}},{"start":{},"end":{}}],"line":34}},"s":{"0":4,"1":4,"2":4,"3":4,"4":14,"5":14,"6":14,"7":0,"8":4,"9":4,"10":4,"11":0,"12":4,"13":4,"14":10,"15":10,"16":10,"17":10,"18":10,"19":0,"20":10,"21":4,"22":10,"23":10,"24":0,"25":10,"26":4},"f":{"0":14,"1":4,"2":4,"3":10,"4":10},"b":{"0":[0,4]},"inputSourceMap":null,"_coverageSchema":"1a1c01bbd47fc00a2c39e90264f33305004495a9","hash":"7ad5aa93708728e4e867be15e42e6bdd81601626"}
}
