TN:
SF:index.js
FN:11,runEmployeeTracker
FN:72,viewDepartments
FN:84,viewRoles
FN:99,viewEmployees
FN:116,addDepartment
FN:139,addRole
FN:153,(anonymous_6)
FN:158,(anonymous_7)
FN:178,addEmployee
FN:197,(anonymous_9)
FN:205,(anonymous_10)
FN:227,updateEmployeeRole
FN:236,(anonymous_12)
FN:242,(anonymous_13)
FN:258,closeConnection
FNF:15
FNH:5
FNDA:1,runEmployeeTracker
FNDA:0,viewDepartments
FNDA:0,viewRoles
FNDA:0,viewEmployees
FNDA:1,addDepartment
FNDA:1,addRole
FNDA:0,(anonymous_6)
FNDA:0,(anonymous_7)
FNDA:1,addEmployee
FNDA:0,(anonymous_9)
FNDA:0,(anonymous_10)
FNDA:0,updateEmployeeRole
FNDA:0,(anonymous_12)
FNDA:0,(anonymous_13)
FNDA:4,closeConnection
DA:2,3
DA:3,3
DA:4,3
DA:5,3
DA:8,3
DA:14,1
DA:16,1
DA:18,0
DA:36,0
DA:38,0
DA:39,0
DA:41,0
DA:42,0
DA:44,0
DA:45,0
DA:47,0
DA:48,0
DA:50,0
DA:51,0
DA:53,0
DA:54,0
DA:56,0
DA:57,0
DA:59,0
DA:60,0
DA:62,0
DA:63,0
DA:66,1
DA:67,1
DA:73,0
DA:74,0
DA:75,0
DA:76,0
DA:78,0
DA:79,0
DA:85,0
DA:86,0
DA:89,0
DA:90,0
DA:91,0
DA:93,0
DA:94,0
DA:100,0
DA:101,0
DA:106,0
DA:107,0
DA:108,0
DA:110,0
DA:111,0
DA:117,1
DA:118,1
DA:126,1
DA:130,0
DA:131,0
DA:133,1
DA:134,1
DA:140,1
DA:141,1
DA:143,0
DA:153,0
DA:158,0
DA:163,0
DA:169,0
DA:170,0
DA:172,1
DA:173,1
DA:179,1
DA:180,1
DA:181,0
DA:183,0
DA:197,0
DA:205,0
DA:211,0
DA:218,0
DA:219,0
DA:221,1
DA:222,1
DA:228,0
DA:229,0
DA:230,0
DA:232,0
DA:236,0
DA:242,0
DA:247,0
DA:249,0
DA:250,0
DA:252,0
DA:253,0
DA:259,4
DA:260,3
DA:262,1
DA:266,3
DA:269,3
DA:270,0
DA:273,3
LF:95
LH:28
BRDA:36,0,0,0
BRDA:36,0,1,0
BRDA:36,0,2,0
BRDA:36,0,3,0
BRDA:36,0,4,0
BRDA:36,0,5,0
BRDA:36,0,6,0
BRDA:36,0,7,0
BRDA:36,0,8,0
BRDA:259,1,0,3
BRDA:259,1,1,1
BRDA:269,2,0,0
BRDA:269,2,1,3
BRF:13
BRH:3
end_of_record
TN:
SF:config\dbConfig.js
FN:13,(anonymous_0)
FN:14,(anonymous_1)
FN:15,(anonymous_2)
FN:24,(anonymous_3)
FN:25,(anonymous_4)
FNF:5
FNH:5
FNDA:2,(anonymous_0)
FNDA:2,(anonymous_1)
FNDA:2,(anonymous_2)
FNDA:2,(anonymous_3)
FNDA:2,(anonymous_4)
DA:2,3
DA:4,3
DA:11,3
DA:13,3
DA:14,2
DA:15,2
DA:16,2
DA:17,0
DA:19,2
DA:24,3
DA:25,2
DA:26,2
DA:27,0
DA:31,3
LF:14
LH:12
BRDA:16,0,0,0
BRDA:16,0,1,2
BRF:2
BRH:1
end_of_record
