TN:
SF:index.js
FN:11,runEmployeeTracker
FN:67,viewDepartments
FN:79,viewRoles
FN:94,viewEmployees
FN:111,addDepartment
FN:134,addRole
FN:148,(anonymous_6)
FN:153,(anonymous_7)
FN:173,addEmployee
FN:192,(anonymous_9)
FN:200,(anonymous_10)
FN:222,updateEmployeeRole
FN:231,(anonymous_12)
FN:237,(anonymous_13)
FN:253,closeConnection
FNF:15
FNH:3
FNDA:1,runEmployeeTracker
FNDA:0,viewDepartments
FNDA:0,viewRoles
FNDA:0,viewEmployees
FNDA:3,addDepartment
FNDA:1,addRole
FNDA:0,(anonymous_6)
FNDA:0,(anonymous_7)
FNDA:0,addEmployee
FNDA:0,(anonymous_9)
FNDA:0,(anonymous_10)
FNDA:0,updateEmployeeRole
FNDA:0,(anonymous_12)
FNDA:0,(anonymous_13)
FNDA:0,closeConnection
DA:2,3
DA:3,3
DA:4,3
DA:5,3
DA:8,3
DA:12,1
DA:13,1
DA:31,0
DA:33,0
DA:34,0
DA:36,0
DA:37,0
DA:39,0
DA:40,0
DA:42,0
DA:43,0
DA:45,0
DA:46,0
DA:48,0
DA:49,0
DA:51,0
DA:52,0
DA:54,0
DA:55,0
DA:57,0
DA:58,0
DA:61,0
DA:62,0
DA:68,0
DA:69,0
DA:70,0
DA:71,0
DA:73,0
DA:74,0
DA:80,0
DA:81,0
DA:84,0
DA:85,0
DA:86,0
DA:88,0
DA:89,0
DA:95,0
DA:96,0
DA:101,0
DA:102,0
DA:103,0
DA:105,0
DA:106,0
DA:112,3
DA:113,3
DA:121,0
DA:125,0
DA:126,0
DA:128,0
DA:129,0
DA:135,1
DA:136,1
DA:138,1
DA:148,0
DA:153,0
DA:158,0
DA:164,0
DA:165,0
DA:167,0
DA:168,0
DA:174,0
DA:175,0
DA:176,0
DA:178,0
DA:192,0
DA:200,0
DA:206,0
DA:213,0
DA:214,0
DA:216,0
DA:217,0
DA:223,0
DA:224,0
DA:225,0
DA:227,0
DA:231,0
DA:237,0
DA:242,0
DA:244,0
DA:245,0
DA:247,0
DA:248,0
DA:254,0
DA:258,3
DA:261,3
DA:262,0
DA:265,3
LF:92
LH:15
BRDA:31,0,0,0
BRDA:31,0,1,0
BRDA:31,0,2,0
BRDA:31,0,3,0
BRDA:31,0,4,0
BRDA:31,0,5,0
BRDA:31,0,6,0
BRDA:31,0,7,0
BRDA:31,0,8,0
BRDA:261,1,0,0
BRDA:261,1,1,3
BRF:11
BRH:1
end_of_record
TN:
SF:config\dbConfig.js
FNF:0
FNH:0
DA:1,3
DA:8,3
LF:2
LH:2
BRF:0
BRH:0
end_of_record
